<?xml version="1.0" encoding="UTF-8"?>
<!-- Generated by org.testng.reporters.JUnitXMLReporter -->
<testsuite hostname="chaimaammar-simplon-gmail-com" ignored="0" name="Surefire test" tests="3" failures="2" timestamp="18 sept. 2022 14:50:20 GMT" time="55.448" errors="0">
  <testcase name="StandAlone" time="10.324" classname="rahulshettyacademy.tests.StandAloneTest">
    <failure type="org.openqa.selenium.ElementClickInterceptedException" message="element click intercepted: Element is not clickable at point (1047, 653)
  (Session info: chrome=104.0.5112.101)
Build info: version: &amp;apos;4.3.0&amp;apos;, revision: &amp;apos;a4995e2c09*&amp;apos;
System info: host: &amp;apos;chaimaammar-simplon-gmail-com&amp;apos;, ip: &amp;apos;192.168.1.10&amp;apos;, os.name: &amp;apos;Linux&amp;apos;, os.arch: &amp;apos;amd64&amp;apos;, os.version: &amp;apos;5.15.0-46-generic&amp;apos;, java.version: &amp;apos;1.8.0_342&amp;apos;
Driver info: org.openqa.selenium.chrome.ChromeDriver
Command: [d9f763901eff3892f190aabf4434b9fc, clickElement {id=2bc029a7-09ff-4be1-820e-c6fd17d8b318}]
Capabilities {acceptInsecureCerts: false, browserName: chrome, browserVersion: 104.0.5112.101, chrome: {chromedriverVersion: 104.0.5112.79 (3cf3e8c8a07d..., userDataDir: /tmp/.com.google.Chrome.guQieS}, goog:chromeOptions: {debuggerAddress: localhost:38715}, networkConnectionEnabled: false, pageLoadStrategy: normal, platformName: LINUX, proxy: Proxy(), se:cdp: ws://localhost:38715/devtoo..., se:cdpVersion: 104.0.5112.101, setWindowRect: true, strictFileInteractability: false, timeouts: {implicit: 0, pageLoad: 300000, script: 30000}, unhandledPromptBehavior: dismiss and notify, webauthn:extension:credBlob: true, webauthn:extension:largeBlob: true, webauthn:virtualAuthenticators: true}
Element: [[ChromeDriver: chrome on LINUX (d9f763901eff3892f190aabf4434b9fc)] -&amp;gt; css selector: .action__submit]
Session ID: d9f763901eff3892f190aabf4434b9fc">
      <![CDATA[org.openqa.selenium.ElementClickInterceptedException: element click intercepted: Element is not clickable at point (1047, 653)
  (Session info: chrome=104.0.5112.101)
Build info: version: '4.3.0', revision: 'a4995e2c09*'
System info: host: 'chaimaammar-simplon-gmail-com', ip: '192.168.1.10', os.name: 'Linux', os.arch: 'amd64', os.version: '5.15.0-46-generic', java.version: '1.8.0_342'
Driver info: org.openqa.selenium.chrome.ChromeDriver
Command: [d9f763901eff3892f190aabf4434b9fc, clickElement {id=2bc029a7-09ff-4be1-820e-c6fd17d8b318}]
Capabilities {acceptInsecureCerts: false, browserName: chrome, browserVersion: 104.0.5112.101, chrome: {chromedriverVersion: 104.0.5112.79 (3cf3e8c8a07d..., userDataDir: /tmp/.com.google.Chrome.guQieS}, goog:chromeOptions: {debuggerAddress: localhost:38715}, networkConnectionEnabled: false, pageLoadStrategy: normal, platformName: LINUX, proxy: Proxy(), se:cdp: ws://localhost:38715/devtoo..., se:cdpVersion: 104.0.5112.101, setWindowRect: true, strictFileInteractability: false, timeouts: {implicit: 0, pageLoad: 300000, script: 30000}, unhandledPromptBehavior: dismiss and notify, webauthn:extension:credBlob: true, webauthn:extension:largeBlob: true, webauthn:virtualAuthenticators: true}
Element: [[ChromeDriver: chrome on LINUX (d9f763901eff3892f190aabf4434b9fc)] -> css selector: .action__submit]
Session ID: d9f763901eff3892f190aabf4434b9fc
at org.openqa.selenium.remote.codec.w3c.W3CHttpResponseCodec.createException(W3CHttpResponseCodec.java:200)
at org.openqa.selenium.remote.codec.w3c.W3CHttpResponseCodec.decode(W3CHttpResponseCodec.java:133)
at org.openqa.selenium.remote.codec.w3c.W3CHttpResponseCodec.decode(W3CHttpResponseCodec.java:53)
at org.openqa.selenium.remote.HttpCommandExecutor.execute(HttpCommandExecutor.java:184)
at org.openqa.selenium.remote.service.DriverCommandExecutor.invokeExecute(DriverCommandExecutor.java:167)
at org.openqa.selenium.remote.service.DriverCommandExecutor.execute(DriverCommandExecutor.java:142)
at org.openqa.selenium.remote.RemoteWebDriver.execute(RemoteWebDriver.java:569)
at org.openqa.selenium.remote.RemoteWebElement.execute(RemoteWebElement.java:257)
at org.openqa.selenium.remote.RemoteWebElement.click(RemoteWebElement.java:78)
at org.openqa.selenium.support.pagefactory.internal.LocatingElementHandler.invoke(LocatingElementHandler.java:52)
at com.sun.proxy.$Proxy14.click(Unknown Source)
at rahulshettyacademy.pageobjects.CheckoutPage.submitOrder(CheckoutPage.java:47)
at rahulshettyacademy.tests.StandAloneTest.StandAlone(StandAloneTest.java:50)
... Removed 38 stack frames]]>
    </failure>
  </testcase> <!-- StandAlone -->
  <testcase name="StandAlone" time="5.484" classname="rahulshettyacademy.tests.StandAloneTest">
    <failure type="org.openqa.selenium.ElementClickInterceptedException" message="element click intercepted: Element is not clickable at point (1047, 653)
  (Session info: chrome=104.0.5112.101)
Build info: version: &amp;apos;4.3.0&amp;apos;, revision: &amp;apos;a4995e2c09*&amp;apos;
System info: host: &amp;apos;chaimaammar-simplon-gmail-com&amp;apos;, ip: &amp;apos;192.168.1.10&amp;apos;, os.name: &amp;apos;Linux&amp;apos;, os.arch: &amp;apos;amd64&amp;apos;, os.version: &amp;apos;5.15.0-46-generic&amp;apos;, java.version: &amp;apos;1.8.0_342&amp;apos;
Driver info: org.openqa.selenium.chrome.ChromeDriver
Command: [5d53d91295a2ffa25767d07c5dbed4df, clickElement {id=ac7772cf-b38b-4045-a8e0-33085f618a59}]
Capabilities {acceptInsecureCerts: false, browserName: chrome, browserVersion: 104.0.5112.101, chrome: {chromedriverVersion: 104.0.5112.79 (3cf3e8c8a07d..., userDataDir: /tmp/.com.google.Chrome.wkEW9e}, goog:chromeOptions: {debuggerAddress: localhost:40021}, networkConnectionEnabled: false, pageLoadStrategy: normal, platformName: LINUX, proxy: Proxy(), se:cdp: ws://localhost:40021/devtoo..., se:cdpVersion: 104.0.5112.101, setWindowRect: true, strictFileInteractability: false, timeouts: {implicit: 0, pageLoad: 300000, script: 30000}, unhandledPromptBehavior: dismiss and notify, webauthn:extension:credBlob: true, webauthn:extension:largeBlob: true, webauthn:virtualAuthenticators: true}
Element: [[ChromeDriver: chrome on LINUX (5d53d91295a2ffa25767d07c5dbed4df)] -&amp;gt; css selector: .action__submit]
Session ID: 5d53d91295a2ffa25767d07c5dbed4df">
      <![CDATA[org.openqa.selenium.ElementClickInterceptedException: element click intercepted: Element is not clickable at point (1047, 653)
  (Session info: chrome=104.0.5112.101)
Build info: version: '4.3.0', revision: 'a4995e2c09*'
System info: host: 'chaimaammar-simplon-gmail-com', ip: '192.168.1.10', os.name: 'Linux', os.arch: 'amd64', os.version: '5.15.0-46-generic', java.version: '1.8.0_342'
Driver info: org.openqa.selenium.chrome.ChromeDriver
Command: [5d53d91295a2ffa25767d07c5dbed4df, clickElement {id=ac7772cf-b38b-4045-a8e0-33085f618a59}]
Capabilities {acceptInsecureCerts: false, browserName: chrome, browserVersion: 104.0.5112.101, chrome: {chromedriverVersion: 104.0.5112.79 (3cf3e8c8a07d..., userDataDir: /tmp/.com.google.Chrome.wkEW9e}, goog:chromeOptions: {debuggerAddress: localhost:40021}, networkConnectionEnabled: false, pageLoadStrategy: normal, platformName: LINUX, proxy: Proxy(), se:cdp: ws://localhost:40021/devtoo..., se:cdpVersion: 104.0.5112.101, setWindowRect: true, strictFileInteractability: false, timeouts: {implicit: 0, pageLoad: 300000, script: 30000}, unhandledPromptBehavior: dismiss and notify, webauthn:extension:credBlob: true, webauthn:extension:largeBlob: true, webauthn:virtualAuthenticators: true}
Element: [[ChromeDriver: chrome on LINUX (5d53d91295a2ffa25767d07c5dbed4df)] -> css selector: .action__submit]
Session ID: 5d53d91295a2ffa25767d07c5dbed4df
at org.openqa.selenium.remote.codec.w3c.W3CHttpResponseCodec.createException(W3CHttpResponseCodec.java:200)
at org.openqa.selenium.remote.codec.w3c.W3CHttpResponseCodec.decode(W3CHttpResponseCodec.java:133)
at org.openqa.selenium.remote.codec.w3c.W3CHttpResponseCodec.decode(W3CHttpResponseCodec.java:53)
at org.openqa.selenium.remote.HttpCommandExecutor.execute(HttpCommandExecutor.java:184)
at org.openqa.selenium.remote.service.DriverCommandExecutor.invokeExecute(DriverCommandExecutor.java:167)
at org.openqa.selenium.remote.service.DriverCommandExecutor.execute(DriverCommandExecutor.java:142)
at org.openqa.selenium.remote.RemoteWebDriver.execute(RemoteWebDriver.java:569)
at org.openqa.selenium.remote.RemoteWebElement.execute(RemoteWebElement.java:257)
at org.openqa.selenium.remote.RemoteWebElement.click(RemoteWebElement.java:78)
at org.openqa.selenium.support.pagefactory.internal.LocatingElementHandler.invoke(LocatingElementHandler.java:52)
at com.sun.proxy.$Proxy14.click(Unknown Source)
at rahulshettyacademy.pageobjects.CheckoutPage.submitOrder(CheckoutPage.java:47)
at rahulshettyacademy.tests.StandAloneTest.StandAlone(StandAloneTest.java:50)
... Removed 38 stack frames]]>
    </failure>
  </testcase> <!-- StandAlone -->
  <testcase name="OrderHistoryTest" time="0.0" classname="rahulshettyacademy.tests.StandAloneTest">
    <skipped/>
  </testcase> <!-- OrderHistoryTest -->
</testsuite> <!-- Surefire test -->
